-------------------------------------------------------------------------------
Test set: com.ericjwei.algorithms.MainTest
-------------------------------------------------------------------------------
Tests run: 1, Failures: 1, Errors: 0, Skipped: 0, Time elapsed: 0.031 s <<< FAILURE! - in com.ericjwei.algorithms.MainTest
twoSumTest  Time elapsed: 0.026 s  <<< FAILURE!
org.opentest4j.AssertionFailedError: Should return [6, 7] ==> array contents differ at index [0], expected: <6> but was: <5>
	at com.ericjwei.algorithms.MainTest.twoSumTest(MainTest.java:18)

